This is e-TeX, Version 3.14159-2.1 (Web2C 7.4.5) (format=latex 2006.2.23)  14 OCT 2007 09:46
entering extended mode
**SparseMan.tex
(./SparseMan.tex
LaTeX2e <2001/06/01>
Babel <v3.7h> and hyphenation patterns for american, french, german, ngerman, b
ahasa, basque, catalan, croatian, czech, danish, dutch, finnish, greek, iceland
ic, irish, italian, latin, magyar, norsk, norsk, portuges, romanian, russian, s
lovak, slovene, spanish, swedish, turkish, ukrainian, nohyphenation, loaded.
(/usr/share/texmf/tex/latex/base/article.cls
Document Class: article 2001/04/21 v1.4e Standard LaTeX document class
(/usr/share/texmf/tex/latex/base/size12.clo
File: size12.clo 2001/04/21 v1.4e Standard LaTeX file (size option)
)
\c@part=\count79
\c@section=\count80
\c@subsection=\count81
\c@subsubsection=\count82
\c@paragraph=\count83
\c@subparagraph=\count84
\c@figure=\count85
\c@table=\count86
\abovecaptionskip=\skip41
\belowcaptionskip=\skip42
\bibindent=\dimen102
)
No file SparseMan.aux.
\openout1 = `SparseMan.aux'.

LaTeX Font Info:    Checking defaults for OML/cmm/m/it on input line 2.
LaTeX Font Info:    ... okay on input line 2.
LaTeX Font Info:    Checking defaults for T1/cmr/m/n on input line 2.
LaTeX Font Info:    ... okay on input line 2.
LaTeX Font Info:    Checking defaults for OT1/cmr/m/n on input line 2.
LaTeX Font Info:    ... okay on input line 2.
LaTeX Font Info:    Checking defaults for OMS/cmsy/m/n on input line 2.
LaTeX Font Info:    ... okay on input line 2.
LaTeX Font Info:    Checking defaults for OMX/cmex/m/n on input line 2.
LaTeX Font Info:    ... okay on input line 2.
LaTeX Font Info:    Checking defaults for U/cmr/m/n on input line 2.
LaTeX Font Info:    ... okay on input line 2.
LaTeX Font Info:    External font `cmex10' loaded for size
(Font)              <12> on input line 6.
LaTeX Font Info:    External font `cmex10' loaded for size
(Font)              <8> on input line 6.
LaTeX Font Info:    External font `cmex10' loaded for size
(Font)              <6> on input line 6.

Overfull \hbox (36.07521pt too wide) in paragraph at lines 23--23
[]\OT1/cmtt/m/n/12 (unsigned char run_code, eDSSolverType type = eDSSFactorizat
ionLDLT);[] 
 []


Overfull \hbox (29.9002pt too wide) in paragraph at lines 23--23
[]\OT1/cmtt/m/n/12 // eDSSFactorizationLU   (2) - LU factorization on symmetric
 pattern[] 
 []


Overfull \hbox (79.30023pt too wide) in paragraph at lines 44--44
[]\OT1/cmtt/m/n/12 (ULONG neq,unsigned char block_size,double * a,ULONG * ci,UL
ONG * adr ) = 0;[] 
 []


Overfull \hbox (73.12523pt too wide) in paragraph at lines 44--44
[]\OT1/cmtt/m/n/12 // a   - double array containing the matrix nonzero entries 
(size adr[neq])[] 
 []

[1

]
Overfull \hbox (42.25021pt too wide) in paragraph at lines 44--44
[]\OT1/cmtt/m/n/12 // Copies the initial sparse matrix from special SparseMatri
xF format.[] 
 []


Overfull \hbox (11.3752pt too wide) in paragraph at lines 44--44
[]\OT1/cmtt/m/n/12 BOOL LoadMatrix (SparseMatrixF* sm,unsigned char block_size)
 = 0;[] 
 []


Overfull \hbox (17.5502pt too wide) in paragraph at lines 62--62
[]\OT1/cmtt/m/n/12 BOOL LoadMCN (ULONG n_blocks,unsigned char block_size,long *
 mcn);[] 
 []


Overfull \hbox (79.30023pt too wide) in paragraph at lines 62--62
[]\OT1/cmtt/m/n/12 // vector[i] >=  0  normal unknown (row index in SparseMatri
xF [zero-based])[] 
 []


Overfull \hbox (85.47523pt too wide) in paragraph at lines 62--62
[]\OT1/cmtt/m/n/12 // vector[i] == -1  this entry is not used (no corresp. row 
in SparseMatrixF)[] 
 []

[2]
Overfull \hbox (23.7252pt too wide) in paragraph at lines 81--81
[]\OT1/cmtt/m/n/12 // Loads or reloads the numeric values of the sparse matrix 
'sm' to[] 
 []


Overfull \hbox (54.60022pt too wide) in paragraph at lines 86--86
[]\OT1/cmtt/m/n/12 // Runs the LDL factorization on the already allocated and l
oaded matrix[] 
 []


Overfull \hbox (11.3752pt too wide) in paragraph at lines 95--95
[]\OT1/cmtt/m/n/12 // This function unites the three previous function into one
 step[] 
 []


Overfull \hbox (42.25021pt too wide) in paragraph at lines 104--104
[]\OT1/cmtt/m/n/12 // When the matrix was factorized we can solve several A*r=f
 equations[] 
 []


Overfull \hbox (11.3752pt too wide) in paragraph at lines 104--104
[]\OT1/cmtt/m/n/12 // if the pointers are equal (r==f) the result will overwrit
e the[] 
 []


Overfull \hbox (23.7252pt too wide) in paragraph at lines 104--104
[]\OT1/cmtt/m/n/12 // It is recomended that both vectors have size in a whole m
ultiple[] 
 []

[3]
Overfull \hbox (73.12523pt too wide) in paragraph at lines 164--164
[]\OT1/cmtt/m/n/12 // A few words to different ordering systems used during spa
rse PD solution[] 
 []


Overfull \hbox (54.60022pt too wide) in paragraph at lines 164--164
[]\OT1/cmtt/m/n/12 // This is the order of data stored in user specified Sparse
MatrixF* sm.[] 
 []

[4]
Overfull \hbox (141.05026pt too wide) in paragraph at lines 164--164
[]\OT1/cmtt/m/n/12 // This is such a permutaion of A order where all noncondens
ed nodes are on the end of[] 
 []

[5] [6] (./SparseMan.aux) ) 
Here is how much of TeX's memory you used:
 226 strings out of 95370
 2305 string characters out of 1188185
 50266 words of memory out of 1000001
 3357 multiletter control sequences out of 10000+50000
 7756 words of font info for 28 fonts, out of 500000 for 1000
 198 hyphenation exceptions out of 1000
 22i,4n,19p,430b,243s stack positions out of 1500i,500n,5000p,200000b,5000s

Output written on SparseMan.dvi (6 pages, 10224 bytes).
